<?xml version="1.0" encoding="UTF-8"?>
<testng-results skipped="0" failed="0" ignored="0" total="0" passed="0">
  <reporter-output>
  </reporter-output>
  <suite name="com.training.SDET_Assignment1.AppTest" duration-ms="5" started-at="2018-04-16T05:23:19Z" finished-at="2018-04-16T05:23:19Z">
    <groups>
    </groups>
    <test name="Command line test" duration-ms="5" started-at="2018-04-16T05:23:19Z" finished-at="2018-04-16T05:23:19Z">
    </test> <!-- Command line test -->
  </suite> <!-- com.training.SDET_Assignment1.AppTest -->
</testng-results>
